Release 14.2 - xst P.28xd (lin64)
Copyright (c) 1995-2012 Xilinx, Inc.  All rights reserved.
--> 
Parameter TMPDIR set to xst/projnav.tmp


Total REAL time to Xst completion: 0.00 secs
Total CPU time to Xst completion: 0.11 secs
 
--> 
Parameter xsthdpdir set to xst


Total REAL time to Xst completion: 0.00 secs
Total CPU time to Xst completion: 0.11 secs
 
--> 
Reading design: Control.prj

TABLE OF CONTENTS
  1) Synthesis Options Summary
  2) HDL Compilation
  3) Design Hierarchy Analysis
  4) HDL Analysis
  5) HDL Synthesis
     5.1) HDL Synthesis Report
  6) Advanced HDL Synthesis
     6.1) Advanced HDL Synthesis Report
  7) Low Level Synthesis
  8) Partition Report
  9) Final Report
	9.1) Device utilization summary
	9.2) Partition Resource Summary
	9.3) TIMING REPORT


=========================================================================
*                      Synthesis Options Summary                        *
=========================================================================
---- Source Parameters
Input File Name                    : "Control.prj"
Input Format                       : mixed
Ignore Synthesis Constraint File   : NO

---- Target Parameters
Output File Name                   : "Control"
Output Format                      : NGC
Target Device                      : xc3s500e-4-fg320

---- Source Options
Top Module Name                    : Control
Automatic FSM Extraction           : YES
FSM Encoding Algorithm             : Auto
Safe Implementation                : No
FSM Style                          : LUT
RAM Extraction                     : Yes
RAM Style                          : Block
ROM Extraction                     : Yes
Mux Style                          : Auto
Decoder Extraction                 : YES
Priority Encoder Extraction        : Yes
Shift Register Extraction          : YES
Logical Shifter Extraction         : YES
XOR Collapsing                     : YES
ROM Style                          : Block
Mux Extraction                     : Yes
Resource Sharing                   : YES
Asynchronous To Synchronous        : NO
Multiplier Style                   : Auto
Automatic Register Balancing       : No

---- Target Options
Add IO Buffers                     : YES
Global Maximum Fanout              : 100000
Add Generic Clock Buffer(BUFG)     : 24
Register Duplication               : YES
Slice Packing                      : YES
Optimize Instantiated Primitives   : NO
Use Clock Enable                   : Yes
Use Synchronous Set                : Yes
Use Synchronous Reset              : Yes
Pack IO Registers into IOBs        : Auto
Equivalent register Removal        : YES

---- General Options
Optimization Goal                  : Speed
Optimization Effort                : 1
Keep Hierarchy                     : No
Netlist Hierarchy                  : As_Optimized
RTL Output                         : Yes
Global Optimization                : AllClockNets
Read Cores                         : YES
Write Timing Constraints           : NO
Cross Clock Analysis               : NO
Hierarchy Separator                : /
Bus Delimiter                      : <>
Case Specifier                     : Maintain
Slice Utilization Ratio            : 100
BRAM Utilization Ratio             : 100
Verilog 2001                       : YES
Auto BRAM Packing                  : NO
Slice Utilization Ratio Delta      : 5

=========================================================================


=========================================================================
*                          HDL Compilation                              *
=========================================================================
Compiling vhdl file "/home/pin3da/Repos/shrinking_generator/Control.vhd" in Library work.
Architecture arch_control of Entity control is up to date.

=========================================================================
*                     Design Hierarchy Analysis                         *
=========================================================================
Analyzing hierarchy for entity <Control> in library <work> (architecture <arch_control>).


=========================================================================
*                            HDL Analysis                               *
=========================================================================
Analyzing Entity <Control> in library <work> (Architecture <arch_control>).
Entity <Control> analyzed. Unit <Control> generated.


=========================================================================
*                           HDL Synthesis                               *
=========================================================================

Performing bidirectional port resolution...

Synthesizing Unit <Control>.
    Related source file is "/home/pin3da/Repos/shrinking_generator/Control.vhd".
    Found finite state machine <FSM_0> for signal <state>.
    -----------------------------------------------------------------------
    | States             | 4                                              |
    | Transitions        | 8                                              |
    | Inputs             | 4                                              |
    | Outputs            | 6                                              |
    | Clock              | clk                       (rising_edge)        |
    | Reset              | reset                     (positive)           |
    | Reset type         | asynchronous                                   |
    | Reset State        | receiving                                      |
    | Power Up State     | receiving                                      |
    | Encoding           | automatic                                      |
    | Implementation     | LUT                                            |
    -----------------------------------------------------------------------
    Found 1-bit register for signal <enable_rec>.
    Found 4-bit register for signal <current_block_encode>.
    Found 1-bit register for signal <we_ram_rec>.
    Found 1-bit register for signal <en_ram_rec>.
    Found 1-bit register for signal <we_ram_trans>.
    Found 1-bit register for signal <en_ram_trans>.
    Found 1-bit register for signal <reset_lfsr1>.
    Found 1-bit register for signal <reset_lfsr2>.
    Found 1-bit register for signal <reset_fill>.
    Found 1-bit register for signal <reset_tx>.
    Found 4-bit register for signal <current_block_decode>.
    Found 1-bit register for signal <enable_trans>.
    Found 5-bit comparator greatequal for signal <current_block_encode$cmp_ge0000> created at line 79.
    Found 1-bit register for signal <only_once>.
    Found 5-bit up counter for signal <rec_counter>.
    Found 5-bit comparator less for signal <state$cmp_lt0000> created at line 79.
    Found 5-bit comparator less for signal <state$cmp_lt0001> created at line 115.
    Found 5-bit up counter for signal <trans_counter>.
    Found 1-bit register for signal <transmitting>.
    Found 5-bit comparator greatequal for signal <transmitting$cmp_ge0000> created at line 115.
    Summary:
	inferred   1 Finite State Machine(s).
	inferred   2 Counter(s).
	inferred  20 D-type flip-flop(s).
	inferred   4 Comparator(s).
Unit <Control> synthesized.


=========================================================================
HDL Synthesis Report

Macro Statistics
# Counters                                             : 2
 5-bit up counter                                      : 2
# Registers                                            : 14
 1-bit register                                        : 12
 4-bit register                                        : 2
# Comparators                                          : 4
 5-bit comparator greatequal                           : 2
 5-bit comparator less                                 : 2

=========================================================================

=========================================================================
*                       Advanced HDL Synthesis                          *
=========================================================================

Analyzing FSM <FSM_0> for best encoding.
Optimizing FSM <state/FSM> on signal <state[1:2]> with user encoding.
-----------------------
 State     | Encoding
-----------------------
 receiving | 00
 store     | 01
 shrinking | 10
 send      | 11
-----------------------

=========================================================================
Advanced HDL Synthesis Report

Macro Statistics
# FSMs                                                 : 1
# Counters                                             : 2
 5-bit up counter                                      : 2
# Registers                                            : 20
 Flip-Flops                                            : 20
# Comparators                                          : 4
 5-bit comparator greatequal                           : 2
 5-bit comparator less                                 : 2

=========================================================================

=========================================================================
*                         Low Level Synthesis                           *
=========================================================================

Optimizing unit <Control> ...

Mapping all equations...
Building and optimizing final netlist ...
Found area constraint ratio of 100 (+ 5) on block Control, actual ratio is 0.

Final Macro Processing ...

=========================================================================
Final Register Report

Macro Statistics
# Registers                                            : 32
 Flip-Flops                                            : 32

=========================================================================

=========================================================================
*                           Partition Report                            *
=========================================================================

Partition Implementation Status
-------------------------------

  No Partitions were found in this design.

-------------------------------

=========================================================================
*                            Final Report                               *
=========================================================================
Final Results
RTL Top Level Output File Name     : Control.ngr
Top Level Output File Name         : Control
Output Format                      : NGC
Optimization Goal                  : Speed
Keep Hierarchy                     : No

Design Statistics
# IOs                              : 24

Cell Usage :
# BELS                             : 35
#      INV                         : 7
#      LUT2                        : 5
#      LUT3                        : 11
#      LUT3_L                      : 2
#      LUT4                        : 8
#      LUT4_L                      : 1
#      VCC                         : 1
# FlipFlops/Latches                : 32
#      FDC                         : 4
#      FDCE                        : 25
#      FDE                         : 3
# Clock Buffers                    : 1
#      BUFGP                       : 1
# IO Buffers                       : 23
#      IBUF                        : 5
#      OBUF                        : 18
=========================================================================

Device utilization summary:
---------------------------

Selected Device : 3s500efg320-4 

 Number of Slices:                       21  out of   4656     0%  
 Number of Slice Flip Flops:             32  out of   9312     0%  
 Number of 4 input LUTs:                 34  out of   9312     0%  
 Number of IOs:                          24
 Number of bonded IOBs:                  24  out of    232    10%  
 Number of GCLKs:                         1  out of     24     4%  

---------------------------
Partition Resource Summary:
---------------------------

  No Partitions were found in this design.

---------------------------


=========================================================================
TIMING REPORT

NOTE: THESE TIMING NUMBERS ARE ONLY A SYNTHESIS ESTIMATE.
      FOR ACCURATE TIMING INFORMATION PLEASE REFER TO THE TRACE REPORT
      GENERATED AFTER PLACE-and-ROUTE.

Clock Information:
------------------
-----------------------------------+------------------------+-------+
Clock Signal                       | Clock buffer(FF name)  | Load  |
-----------------------------------+------------------------+-------+
clk                                | BUFGP                  | 32    |
-----------------------------------+------------------------+-------+

Asynchronous Control Signals Information:
----------------------------------------
-----------------------------------+------------------------+-------+
Control Signal                     | Buffer(FF name)        | Load  |
-----------------------------------+------------------------+-------+
reset                              | IBUF                   | 29    |
-----------------------------------+------------------------+-------+

Timing Summary:
---------------
Speed Grade: -4

   Minimum period: 5.019ns (Maximum Frequency: 199.243MHz)
   Minimum input arrival time before clock: 5.322ns
   Maximum output required time after clock: 4.310ns
   Maximum combinational path delay: No path found

Timing Detail:
--------------
All values displayed in nanoseconds (ns)

=========================================================================
Timing constraint: Default period analysis for Clock 'clk'
  Clock period: 5.019ns (frequency: 199.243MHz)
  Total number of paths / destination ports: 147 / 56
-------------------------------------------------------------------------
Delay:               5.019ns (Levels of Logic = 2)
  Source:            state_FSM_FFd2 (FF)
  Destination:       trans_counter_0 (FF)
  Source Clock:      clk rising
  Destination Clock: clk rising

  Data Path: state_FSM_FFd2 to trans_counter_0
                                Gate     Net
    Cell:in->out      fanout   Delay   Delay  Logical Name (Net Name)
    ----------------------------------------  ------------
     FDC:C->Q             12   0.591   1.040  state_FSM_FFd2 (state_FSM_FFd2)
     LUT3:I1->O            8   0.704   0.792  state_FSM_FFd2-In11 (reset_tx_not0001)
     LUT3:I2->O            5   0.704   0.633  trans_counter_not00011 (trans_counter_not0001)
     FDCE:CE                   0.555          trans_counter_0
    ----------------------------------------
    Total                      5.019ns (2.554ns logic, 2.465ns route)
                                       (50.9% logic, 49.1% route)

=========================================================================
Timing constraint: Default OFFSET IN BEFORE for Clock 'clk'
  Total number of paths / destination ports: 20 / 17
-------------------------------------------------------------------------
Offset:              5.322ns (Levels of Logic = 3)
  Source:            reset (PAD)
  Destination:       enable_rec (FF)
  Destination Clock: clk rising

  Data Path: reset to enable_rec
                                Gate     Net
    Cell:in->out      fanout   Delay   Delay  Logical Name (Net Name)
    ----------------------------------------  ------------
     IBUF:I->O            32   1.218   1.297  reset_IBUF (reset_IBUF)
     LUT3:I2->O            1   0.704   0.424  state_FSM_Out01_SW0 (N16)
     LUT4:I3->O            1   0.704   0.420  enable_rec_and00001 (enable_rec_and0000)
     FDE:CE                    0.555          enable_rec
    ----------------------------------------
    Total                      5.322ns (3.181ns logic, 2.141ns route)
                                       (59.8% logic, 40.2% route)

=========================================================================
Timing constraint: Default OFFSET OUT AFTER for Clock 'clk'
  Total number of paths / destination ports: 18 / 18
-------------------------------------------------------------------------
Offset:              4.310ns (Levels of Logic = 1)
  Source:            reset_lfsr1 (FF)
  Destination:       reset_lfsr1 (PAD)
  Source Clock:      clk rising

  Data Path: reset_lfsr1 to reset_lfsr1
                                Gate     Net
    Cell:in->out      fanout   Delay   Delay  Logical Name (Net Name)
    ----------------------------------------  ------------
     FDC:C->Q              2   0.591   0.447  reset_lfsr1 (reset_lfsr1_OBUF)
     OBUF:I->O                 3.272          reset_lfsr1_OBUF (reset_lfsr1)
    ----------------------------------------
    Total                      4.310ns (3.863ns logic, 0.447ns route)
                                       (89.6% logic, 10.4% route)

=========================================================================


Total REAL time to Xst completion: 31.00 secs
Total CPU time to Xst completion: 28.51 secs
 
--> 


Total memory usage is 511308 kilobytes

Number of errors   :    0 (   0 filtered)
Number of warnings :    0 (   0 filtered)
Number of infos    :    0 (   0 filtered)

