ISim log file
Running: /home/pin3da/Repos/shrinking_generator/tb_prng_isim_beh.exe -intstyle ise -gui -tclbatch isim.cmd -wdb /home/pin3da/Repos/shrinking_generator/tb_prng_isim_beh.wdb 
ISim P.28xd (signature 0x54af6ca1)
WARNING: A WEBPACK license was found.
WARNING: Please use Xilinx License Configuration Manager to check out a full ISim license.
WARNING: ISim will run in Lite mode. Please refer to the ISim documentation for more information on the differences between the Lite and the Full version.
This is a Lite version of ISim.
Time resolution is 1 ps
# onerror resume
# wave add /
# run 1000 ns
Simulator is doing circuit initialization process.
Finished circuit initialization process.
# run all
Stopped at time : 3593135 ns : File "/home/pin3da/Repos/shrinking_generator/lfsr_128.vhd" Line 45
# restart
# run all
Simulator is doing circuit initialization process.
Finished circuit initialization process.
Stopped at time : 1961905 ns : File "/home/pin3da/Repos/shrinking_generator/div_115200.vhd" Line 16
# exit 0
