Release 14.2 - xst P.28xd (lin64)
Copyright (c) 1995-2012 Xilinx, Inc.  All rights reserved.
--> 
Parameter TMPDIR set to xst/projnav.tmp


Total REAL time to Xst completion: 0.00 secs
Total CPU time to Xst completion: 0.11 secs
 
--> 
Parameter xsthdpdir set to xst


Total REAL time to Xst completion: 0.00 secs
Total CPU time to Xst completion: 0.11 secs
 
--> 
Reading design: ram.prj

TABLE OF CONTENTS
  1) Synthesis Options Summary
  2) HDL Compilation
  3) Design Hierarchy Analysis
  4) HDL Analysis
  5) HDL Synthesis
     5.1) HDL Synthesis Report
  6) Advanced HDL Synthesis
     6.1) Advanced HDL Synthesis Report
  7) Low Level Synthesis
  8) Partition Report
  9) Final Report
	9.1) Device utilization summary
	9.2) Partition Resource Summary
	9.3) TIMING REPORT


=========================================================================
*                      Synthesis Options Summary                        *
=========================================================================
---- Source Parameters
Input File Name                    : "ram.prj"
Input Format                       : mixed
Ignore Synthesis Constraint File   : NO

---- Target Parameters
Output File Name                   : "ram"
Output Format                      : NGC
Target Device                      : xc3s500e-4-fg320

---- Source Options
Top Module Name                    : ram
Automatic FSM Extraction           : YES
FSM Encoding Algorithm             : Auto
Safe Implementation                : No
FSM Style                          : LUT
RAM Extraction                     : Yes
RAM Style                          : Block
ROM Extraction                     : Yes
Mux Style                          : Auto
Decoder Extraction                 : YES
Priority Encoder Extraction        : Yes
Shift Register Extraction          : YES
Logical Shifter Extraction         : YES
XOR Collapsing                     : YES
ROM Style                          : Block
Mux Extraction                     : Yes
Resource Sharing                   : YES
Asynchronous To Synchronous        : NO
Multiplier Style                   : Auto
Automatic Register Balancing       : No

---- Target Options
Add IO Buffers                     : YES
Global Maximum Fanout              : 500
Add Generic Clock Buffer(BUFG)     : 24
Register Duplication               : YES
Slice Packing                      : YES
Optimize Instantiated Primitives   : NO
Use Clock Enable                   : Yes
Use Synchronous Set                : Yes
Use Synchronous Reset              : Yes
Pack IO Registers into IOBs        : Auto
Equivalent register Removal        : YES

---- General Options
Optimization Goal                  : Speed
Optimization Effort                : 1
Keep Hierarchy                     : No
Netlist Hierarchy                  : As_Optimized
RTL Output                         : Yes
Global Optimization                : AllClockNets
Read Cores                         : YES
Write Timing Constraints           : NO
Cross Clock Analysis               : NO
Hierarchy Separator                : /
Bus Delimiter                      : <>
Case Specifier                     : Maintain
Slice Utilization Ratio            : 100
BRAM Utilization Ratio             : 100
Verilog 2001                       : YES
Auto BRAM Packing                  : NO
Slice Utilization Ratio Delta      : 5

=========================================================================


=========================================================================
*                          HDL Compilation                              *
=========================================================================
Compiling vhdl file "/home/pin3da/Repos/shrinking_generator/ram.vhd" in Library work.
Entity <ram> compiled.
Entity <ram> (Architecture <arch_ram>) compiled.

=========================================================================
*                     Design Hierarchy Analysis                         *
=========================================================================
Analyzing hierarchy for entity <ram> in library <work> (architecture <arch_ram>).


=========================================================================
*                            HDL Analysis                               *
=========================================================================
Analyzing Entity <ram> in library <work> (Architecture <arch_ram>).
Entity <ram> analyzed. Unit <ram> generated.


=========================================================================
*                           HDL Synthesis                               *
=========================================================================

Performing bidirectional port resolution...

Synthesizing Unit <ram>.
    Related source file is "/home/pin3da/Repos/shrinking_generator/ram.vhd".
    Found 64x16-bit single-port RAM <Mram_RAM> for signal <RAM>.
    Found 16-bit register for signal <do>.
    Summary:
	inferred   1 RAM(s).
	inferred  16 D-type flip-flop(s).
Unit <ram> synthesized.


=========================================================================
HDL Synthesis Report

Macro Statistics
# RAMs                                                 : 1
 64x16-bit single-port RAM                             : 1
# Registers                                            : 1
 16-bit register                                       : 1

=========================================================================

=========================================================================
*                       Advanced HDL Synthesis                          *
=========================================================================


Synthesizing (advanced) Unit <ram>.
INFO:Xst:3226 - The RAM <Mram_RAM> will be implemented as a BLOCK RAM, absorbing the following register(s): <do>
    -----------------------------------------------------------------------
    | ram_type           | Block                               |          |
    -----------------------------------------------------------------------
    | Port A                                                              |
    |     aspect ratio   | 64-word x 16-bit                    |          |
    |     mode           | read-first                          |          |
    |     clkA           | connected to signal <clk>           | rise     |
    |     enA            | connected to signal <en>            | high     |
    |     weA            | connected to signal <we>            | high     |
    |     addrA          | connected to signal <addr>          |          |
    |     diA            | connected to signal <di>            |          |
    |     doA            | connected to signal <do>            |          |
    -----------------------------------------------------------------------
    | optimization       | speed                               |          |
    -----------------------------------------------------------------------
Unit <ram> synthesized (advanced).

=========================================================================
Advanced HDL Synthesis Report

Macro Statistics
# RAMs                                                 : 1
 64x16-bit single-port block RAM                       : 1

=========================================================================

=========================================================================
*                         Low Level Synthesis                           *
=========================================================================

Optimizing unit <ram> ...

Mapping all equations...
Building and optimizing final netlist ...
Found area constraint ratio of 100 (+ 5) on block ram, actual ratio is 0.

Final Macro Processing ...

=========================================================================
Final Register Report

Found no macro
=========================================================================

=========================================================================
*                           Partition Report                            *
=========================================================================

Partition Implementation Status
-------------------------------

  No Partitions were found in this design.

-------------------------------

=========================================================================
*                            Final Report                               *
=========================================================================
Final Results
RTL Top Level Output File Name     : ram.ngr
Top Level Output File Name         : ram
Output Format                      : NGC
Optimization Goal                  : Speed
Keep Hierarchy                     : No

Design Statistics
# IOs                              : 41

Cell Usage :
# BELS                             : 1
#      GND                         : 1
# RAMS                             : 1
#      RAMB16_S18                  : 1
# Clock Buffers                    : 1
#      BUFGP                       : 1
# IO Buffers                       : 40
#      IBUF                        : 24
#      OBUF                        : 16
=========================================================================

Device utilization summary:
---------------------------

Selected Device : 3s500efg320-4 

 Number of Slices:                        0  out of   4656     0%  
 Number of IOs:                          41
 Number of bonded IOBs:                  41  out of    232    17%  
 Number of BRAMs:                         1  out of     20     5%  
 Number of GCLKs:                         1  out of     24     4%  

---------------------------
Partition Resource Summary:
---------------------------

  No Partitions were found in this design.

---------------------------


=========================================================================
TIMING REPORT

NOTE: THESE TIMING NUMBERS ARE ONLY A SYNTHESIS ESTIMATE.
      FOR ACCURATE TIMING INFORMATION PLEASE REFER TO THE TRACE REPORT
      GENERATED AFTER PLACE-and-ROUTE.

Clock Information:
------------------
-----------------------------------+------------------------+-------+
Clock Signal                       | Clock buffer(FF name)  | Load  |
-----------------------------------+------------------------+-------+
clk                                | BUFGP                  | 1     |
-----------------------------------+------------------------+-------+

Asynchronous Control Signals Information:
----------------------------------------
No asynchronous control signals found in this design

Timing Summary:
---------------
Speed Grade: -4

   Minimum period: No path found
   Minimum input arrival time before clock: 2.891ns
   Maximum output required time after clock: 6.492ns
   Maximum combinational path delay: No path found

Timing Detail:
--------------
All values displayed in nanoseconds (ns)

=========================================================================
Timing constraint: Default OFFSET IN BEFORE for Clock 'clk'
  Total number of paths / destination ports: 24 / 24
-------------------------------------------------------------------------
Offset:              2.891ns (Levels of Logic = 1)
  Source:            we (PAD)
  Destination:       Mram_RAM (RAM)
  Destination Clock: clk rising

  Data Path: we to Mram_RAM
                                Gate     Net
    Cell:in->out      fanout   Delay   Delay  Logical Name (Net Name)
    ----------------------------------------  ------------
     IBUF:I->O             1   1.218   0.420  we_IBUF (we_IBUF)
     RAMB16_S18:WE             1.253          Mram_RAM
    ----------------------------------------
    Total                      2.891ns (2.471ns logic, 0.420ns route)
                                       (85.5% logic, 14.5% route)

=========================================================================
Timing constraint: Default OFFSET OUT AFTER for Clock 'clk'
  Total number of paths / destination ports: 16 / 16
-------------------------------------------------------------------------
Offset:              6.492ns (Levels of Logic = 1)
  Source:            Mram_RAM (RAM)
  Destination:       do<15> (PAD)
  Source Clock:      clk rising

  Data Path: Mram_RAM to do<15>
                                Gate     Net
    Cell:in->out      fanout   Delay   Delay  Logical Name (Net Name)
    ----------------------------------------  ------------
     RAMB16_S18:CLK->DO15    1   2.800   0.420  Mram_RAM (do_15_OBUF)
     OBUF:I->O                 3.272          do_15_OBUF (do<15>)
    ----------------------------------------
    Total                      6.492ns (6.072ns logic, 0.420ns route)
                                       (93.5% logic, 6.5% route)

=========================================================================


Total REAL time to Xst completion: 30.00 secs
Total CPU time to Xst completion: 27.82 secs
 
--> 


Total memory usage is 510936 kilobytes

Number of errors   :    0 (   0 filtered)
Number of warnings :    0 (   0 filtered)
Number of infos    :    1 (   0 filtered)

