Command line:
   tb_tx_isim_beh.exe
     -simmode  gui
     -simrunnum  0
     -socket  34436

Fri Dec 14 00:58:43 2012


 Elaboration Time: 0.02 sec

 Current Memory Usage: 180.011 Meg

 Total Signals          : 14
 Total Nets             : 15
 Total Signal Drivers   : 8
 Total Blocks           : 3
 Total Primitive Blocks : 2
 Total Processes        : 3
 Total Traceable Variables  : 9
 Total Scalar Nets and Variables : 376
Total Line Count : 33

 Total Simulation Time: 0.05 sec

 Current Memory Usage: 188.404 Meg

Fri Dec 14 01:01:45 2012

