Command line:
   tb_lfsr_isim_beh.exe
     -simmode  gui
     -simrunnum  0
     -socket  34684

Thu Dec 13 23:47:51 2012


 Elaboration Time: 0.02 sec

 Current Memory Usage: 180.425 Meg

 Total Signals          : 9
 Total Nets             : 386
 Total Signal Drivers   : 5
 Total Blocks           : 3
 Total Primitive Blocks : 2
 Total Processes        : 4
 Total Traceable Variables  : 11
 Total Scalar Nets and Variables : 876
Total Line Count : 16

 Total Simulation Time: 0.05 sec

 Current Memory Usage: 188.817 Meg

Thu Dec 13 23:49:12 2012

